      Step     Time          Energy         fmax
*Force-consistent energies used in optimization.
FIRE:    0 11:32:16        6.888839*       2.9462
FIRE:    1 11:32:16        6.888317*       2.9238
FIRE:    2 11:32:16        6.887270*       2.8473
FIRE:    3 11:32:16        6.885694*       2.6504
FIRE:    4 11:32:16        6.883604*       2.2398
FIRE:    5 11:32:16        6.881373*       1.9837
FIRE:    6 11:32:16        6.878923*       2.3755
FIRE:    7 11:32:16        6.876233*       2.1428
FIRE:    8 11:32:16        6.873297*       2.1639
FIRE:    9 11:32:16        6.870005*       3.8726
FIRE:   10 11:32:16        6.866373*       3.3641
FIRE:   11 11:32:16        6.862620*       1.4894
FIRE:   12 11:32:16        6.858607*       1.0902
FIRE:   13 11:32:16        6.854052*       1.9033
FIRE:   14 11:32:16        6.853883*       1.6122
FIRE:   15 11:32:16        6.853548*       1.2523
FIRE:   16 11:32:16        6.853045*       1.3283
FIRE:   17 11:32:16        6.852375*       1.2051
FIRE:   18 11:32:16        6.851574*       1.5324
FIRE:   19 11:32:16        6.850684*       1.4297
FIRE:   20 11:32:16        6.849726*       0.6518
FIRE:   21 11:32:16        6.848596*       0.9888
FIRE:   22 11:32:16        6.847307*       0.9694
FIRE:   23 11:32:16        6.845892*       1.0591
FIRE:   24 11:32:16        6.844378*       0.5581
FIRE:   25 11:32:16        6.842795*       0.9428
FIRE:   26 11:32:16        6.841186*       1.1941
FIRE:   27 11:32:16        6.839573*       0.5650
FIRE:   28 11:32:16        6.839570*       0.4542
FIRE:   29 11:32:16        6.839565*       0.2468
FIRE:   30 11:32:17        6.839558*       0.0907
FIRE:   31 11:32:17        6.839557*       0.0879
FIRE:   32 11:32:17        6.839556*       0.0826
FIRE:   33 11:32:17        6.839554*       0.0750
FIRE:   34 11:32:17        6.839552*       0.0658
FIRE:   35 11:32:17        6.839549*       0.0556
FIRE:   36 11:32:17        6.839546*       0.0499
FIRE:   37 11:32:17        6.839542*       0.0563
FIRE:   38 11:32:17        6.839538*       0.0675
FIRE:   39 11:32:17        6.839532*       0.0752
FIRE:   40 11:32:17        6.839525*       0.0774
FIRE:   41 11:32:17        6.839517*       0.0723
FIRE:   42 11:32:17        6.839508*       0.0624
FIRE:   43 11:32:17        6.839496*       0.0603
FIRE:   44 11:32:17        6.839484*       0.0542
FIRE:   45 11:32:17        6.839470*       0.0584
FIRE:   46 11:32:17        6.839455*       0.0504
FIRE:   47 11:32:17        6.839441*       0.0464
FIRE:   48 11:32:17        6.839429*       0.0604
FIRE:   49 11:32:17        6.839422*       0.0475
FIRE:   50 11:32:17        6.839422*       0.0431
FIRE:   51 11:32:17        6.839437*       0.0416
FIRE:   52 11:32:17        6.839472*       0.0505
FIRE:   53 11:32:17        6.839530*       0.0484
FIRE:   54 11:32:17        6.839619*       0.0369
      Step     Time          Energy         fmax
*Force-consistent energies used in optimization.
FIRE:    0 11:38:02        6.888839*       2.9462
FIRE:    1 11:38:02        6.888317*       2.9238
FIRE:    2 11:38:02        6.887270*       2.8473
FIRE:    3 11:38:02        6.885694*       2.6504
FIRE:    4 11:38:02        6.883604*       2.2398
FIRE:    5 11:38:02        6.881373*       1.9837
FIRE:    6 11:38:02        6.878923*       2.3755
FIRE:    7 11:38:02        6.876233*       2.1428
FIRE:    8 11:38:02        6.873297*       2.1639
FIRE:    9 11:38:02        6.870005*       3.8726
FIRE:   10 11:38:02        6.866373*       3.3641
FIRE:   11 11:38:02        6.862620*       1.4894
FIRE:   12 11:38:02        6.858607*       1.0902
FIRE:   13 11:38:02        6.854052*       1.9033
FIRE:   14 11:38:02        6.853883*       1.6122
FIRE:   15 11:38:02        6.853548*       1.2523
FIRE:   16 11:38:02        6.853045*       1.3283
FIRE:   17 11:38:02        6.852375*       1.2051
FIRE:   18 11:38:02        6.851574*       1.5324
FIRE:   19 11:38:02        6.850684*       1.4297
FIRE:   20 11:38:02        6.849726*       0.6518
FIRE:   21 11:38:02        6.848596*       0.9888
FIRE:   22 11:38:02        6.847307*       0.9694
FIRE:   23 11:38:02        6.845892*       1.0591
FIRE:   24 11:38:02        6.844378*       0.5581
FIRE:   25 11:38:02        6.842795*       0.9428
FIRE:   26 11:38:02        6.841186*       1.1941
FIRE:   27 11:38:02        6.839573*       0.5650
FIRE:   28 11:38:02        6.839570*       0.4542
FIRE:   29 11:38:02        6.839565*       0.2468
FIRE:   30 11:38:02        6.839558*       0.0907
FIRE:   31 11:38:02        6.839557*       0.0879
FIRE:   32 11:38:02        6.839556*       0.0826
FIRE:   33 11:38:02        6.839554*       0.0750
FIRE:   34 11:38:02        6.839552*       0.0658
FIRE:   35 11:38:02        6.839549*       0.0556
FIRE:   36 11:38:02        6.839546*       0.0499
FIRE:   37 11:38:02        6.839542*       0.0563
FIRE:   38 11:38:02        6.839538*       0.0675
FIRE:   39 11:38:02        6.839532*       0.0752
FIRE:   40 11:38:02        6.839525*       0.0774
FIRE:   41 11:38:02        6.839517*       0.0723
FIRE:   42 11:38:02        6.839508*       0.0624
FIRE:   43 11:38:02        6.839496*       0.0603
FIRE:   44 11:38:03        6.839484*       0.0542
FIRE:   45 11:38:03        6.839470*       0.0584
FIRE:   46 11:38:03        6.839455*       0.0504
FIRE:   47 11:38:03        6.839441*       0.0464
FIRE:   48 11:38:03        6.839429*       0.0604
FIRE:   49 11:38:03        6.839422*       0.0475
FIRE:   50 11:38:03        6.839422*       0.0431
FIRE:   51 11:38:03        6.839437*       0.0416
FIRE:   52 11:38:03        6.839472*       0.0505
FIRE:   53 11:38:03        6.839530*       0.0484
FIRE:   54 11:38:03        6.839619*       0.0369
      Step     Time          Energy         fmax
*Force-consistent energies used in optimization.
FIRE:    0 11:56:03        6.888839*       2.9462
FIRE:    1 11:56:03        6.888317*       2.9238
FIRE:    2 11:56:03        6.887270*       2.8473
FIRE:    3 11:56:03        6.885694*       2.6504
FIRE:    4 11:56:03        6.883604*       2.2398
FIRE:    5 11:56:03        6.881373*       1.9837
FIRE:    6 11:56:03        6.878923*       2.3755
FIRE:    7 11:56:03        6.876233*       2.1428
FIRE:    8 11:56:03        6.873297*       2.1639
FIRE:    9 11:56:03        6.870005*       3.8726
FIRE:   10 11:56:03        6.866373*       3.3641
FIRE:   11 11:56:03        6.862620*       1.4894
FIRE:   12 11:56:03        6.858607*       1.0902
FIRE:   13 11:56:03        6.854052*       1.9033
FIRE:   14 11:56:03        6.853883*       1.6122
FIRE:   15 11:56:03        6.853548*       1.2523
FIRE:   16 11:56:03        6.853045*       1.3283
FIRE:   17 11:56:03        6.852375*       1.2051
FIRE:   18 11:56:03        6.851574*       1.5324
FIRE:   19 11:56:03        6.850684*       1.4297
FIRE:   20 11:56:03        6.849726*       0.6518
FIRE:   21 11:56:03        6.848596*       0.9888
FIRE:   22 11:56:03        6.847307*       0.9694
FIRE:   23 11:56:04        6.845892*       1.0591
FIRE:   24 11:56:04        6.844378*       0.5581
FIRE:   25 11:56:04        6.842795*       0.9428
FIRE:   26 11:56:04        6.841186*       1.1941
FIRE:   27 11:56:04        6.839573*       0.5650
FIRE:   28 11:56:04        6.839570*       0.4542
FIRE:   29 11:56:04        6.839565*       0.2468
FIRE:   30 11:56:04        6.839558*       0.0907
FIRE:   31 11:56:04        6.839557*       0.0879
FIRE:   32 11:56:04        6.839556*       0.0826
FIRE:   33 11:56:04        6.839554*       0.0750
FIRE:   34 11:56:04        6.839552*       0.0658
FIRE:   35 11:56:04        6.839549*       0.0556
FIRE:   36 11:56:04        6.839546*       0.0499
FIRE:   37 11:56:04        6.839542*       0.0563
FIRE:   38 11:56:04        6.839538*       0.0675
FIRE:   39 11:56:04        6.839532*       0.0752
FIRE:   40 11:56:04        6.839525*       0.0774
FIRE:   41 11:56:04        6.839517*       0.0723
FIRE:   42 11:56:04        6.839508*       0.0624
FIRE:   43 11:56:04        6.839496*       0.0603
FIRE:   44 11:56:04        6.839484*       0.0542
FIRE:   45 11:56:04        6.839470*       0.0584
FIRE:   46 11:56:04        6.839455*       0.0504
FIRE:   47 11:56:04        6.839441*       0.0464
FIRE:   48 11:56:04        6.839429*       0.0604
FIRE:   49 11:56:04        6.839422*       0.0475
FIRE:   50 11:56:04        6.839422*       0.0431
FIRE:   51 11:56:04        6.839437*       0.0416
FIRE:   52 11:56:04        6.839472*       0.0505
FIRE:   53 11:56:04        6.839530*       0.0484
FIRE:   54 11:56:04        6.839619*       0.0369
      Step     Time          Energy         fmax
*Force-consistent energies used in optimization.
FIRE:    0 11:58:32        7.020000*          nan
FIRE:    1 11:58:32        7.020000*          nan
FIRE:    2 11:58:32        7.020000*          nan
FIRE:    3 11:58:32        7.020000*          nan
FIRE:    4 11:58:32        7.020000*          nan
FIRE:    5 11:58:32        7.020000*          nan
FIRE:    6 11:58:32        7.020000*          nan
FIRE:    7 11:58:32        7.020000*          nan
FIRE:    8 11:58:32        7.020000*          nan
FIRE:    9 11:58:32        7.020000*          nan
FIRE:   10 11:58:32        7.020000*          nan
FIRE:   11 11:58:32        7.020000*          nan
FIRE:   12 11:58:33        7.020000*          nan
FIRE:   13 11:58:33        7.020000*          nan
FIRE:   14 11:58:33        7.020000*          nan
FIRE:   15 11:58:33        7.020000*          nan
FIRE:   16 11:58:33        7.020000*          nan
FIRE:   17 11:58:33        7.020000*          nan
FIRE:   18 11:58:33        7.020000*          nan
FIRE:   19 11:58:33        7.020000*          nan
FIRE:   20 11:58:33        7.020000*          nan
FIRE:   21 11:58:33        7.020000*          nan
FIRE:   22 11:58:33        7.020000*          nan
FIRE:   23 11:58:33        7.020000*          nan
FIRE:   24 11:58:33        7.020000*          nan
FIRE:   25 11:58:33        7.020000*          nan
FIRE:   26 11:58:33        7.020000*          nan
FIRE:   27 11:58:33        7.020000*          nan
FIRE:   28 11:58:33        7.020000*          nan
FIRE:   29 11:58:33        7.020000*          nan
FIRE:   30 11:58:33        7.020000*          nan
FIRE:   31 11:58:33        7.020000*          nan
FIRE:   32 11:58:33        7.020000*          nan
FIRE:   33 11:58:33        7.020000*          nan
FIRE:   34 11:58:33        7.020000*          nan
FIRE:   35 11:58:33        7.020000*          nan
FIRE:   36 11:58:33        7.020000*          nan
FIRE:   37 11:58:33        7.020000*          nan
FIRE:   38 11:58:33        7.020000*          nan
FIRE:   39 11:58:33        7.020000*          nan
FIRE:   40 11:58:33        7.020000*          nan
FIRE:   41 11:58:33        7.020000*          nan
FIRE:   42 11:58:34        7.020000*          nan
FIRE:   43 11:58:34        7.020000*          nan
FIRE:   44 11:58:34        7.020000*          nan
FIRE:   45 11:58:34        7.020000*          nan
FIRE:   46 11:58:34        7.020000*          nan
FIRE:   47 11:58:34        7.020000*          nan
FIRE:   48 11:58:34        7.020000*          nan
FIRE:   49 11:58:34        7.020000*          nan
FIRE:   50 11:58:34        7.020000*          nan
FIRE:   51 11:58:34        7.020000*          nan
FIRE:   52 11:58:34        7.020000*          nan
FIRE:   53 11:58:34        7.020000*          nan
FIRE:   54 11:58:34        7.020000*          nan
FIRE:   55 11:58:34        7.020000*          nan
FIRE:   56 11:58:34        7.020000*          nan
FIRE:   57 11:58:34        7.020000*          nan
FIRE:   58 11:58:34        7.020000*          nan
FIRE:   59 11:58:34        7.020000*          nan
FIRE:   60 11:58:34        7.020000*          nan
FIRE:   61 11:58:34        7.020000*          nan
FIRE:   62 11:58:34        7.020000*          nan
FIRE:   63 11:58:34        7.020000*          nan
FIRE:   64 11:58:34        7.020000*          nan
FIRE:   65 11:58:34        7.020000*          nan
FIRE:   66 11:58:34        7.020000*          nan
FIRE:   67 11:58:34        7.020000*          nan
FIRE:   68 11:58:34        7.020000*          nan
FIRE:   69 11:58:34        7.020000*          nan
FIRE:   70 11:58:34        7.020000*          nan
FIRE:   71 11:58:34        7.020000*          nan
FIRE:   72 11:58:34        7.020000*          nan
FIRE:   73 11:58:34        7.020000*          nan
FIRE:   74 11:58:35        7.020000*          nan
FIRE:   75 11:58:35        7.020000*          nan
FIRE:   76 11:58:35        7.020000*          nan
FIRE:   77 11:58:35        7.020000*          nan
FIRE:   78 11:58:35        7.020000*          nan
FIRE:   79 11:58:35        7.020000*          nan
FIRE:   80 11:58:35        7.020000*          nan
FIRE:   81 11:58:35        7.020000*          nan
FIRE:   82 11:58:35        7.020000*          nan
FIRE:   83 11:58:35        7.020000*          nan
FIRE:   84 11:58:35        7.020000*          nan
FIRE:   85 11:58:35        7.020000*          nan
FIRE:   86 11:58:35        7.020000*          nan
FIRE:   87 11:58:35        7.020000*          nan
FIRE:   88 11:58:35        7.020000*          nan
FIRE:   89 11:58:35        7.020000*          nan
FIRE:   90 11:58:35        7.020000*          nan
FIRE:   91 11:58:35        7.020000*          nan
FIRE:   92 11:58:35        7.020000*          nan
FIRE:   93 11:58:35        7.020000*          nan
FIRE:   94 11:58:35        7.020000*          nan
FIRE:   95 11:58:35        7.020000*          nan
FIRE:   96 11:58:35        7.020000*          nan
FIRE:   97 11:58:35        7.020000*          nan
FIRE:   98 11:58:35        7.020000*          nan
FIRE:   99 11:58:35        7.020000*          nan
FIRE:  100 11:58:35        7.020000*          nan
FIRE:  101 11:58:35        7.020000*          nan
FIRE:  102 11:58:35        7.020000*          nan
FIRE:  103 11:58:35        7.020000*          nan
FIRE:  104 11:58:36        7.020000*          nan
FIRE:  105 11:58:36        7.020000*          nan
FIRE:  106 11:58:36        7.020000*          nan
FIRE:  107 11:58:36        7.020000*          nan
FIRE:  108 11:58:36        7.020000*          nan
FIRE:  109 11:58:36        7.020000*          nan
FIRE:  110 11:58:36        7.020000*          nan
FIRE:  111 11:58:36        7.020000*          nan
FIRE:  112 11:58:36        7.020000*          nan
FIRE:  113 11:58:36        7.020000*          nan
FIRE:  114 11:58:36        7.020000*          nan
FIRE:  115 11:58:36        7.020000*          nan
FIRE:  116 11:58:36        7.020000*          nan
FIRE:  117 11:58:36        7.020000*          nan
FIRE:  118 11:58:36        7.020000*          nan
FIRE:  119 11:58:36        7.020000*          nan
FIRE:  120 11:58:36        7.020000*          nan
FIRE:  121 11:58:36        7.020000*          nan
FIRE:  122 11:58:36        7.020000*          nan
FIRE:  123 11:58:36        7.020000*          nan
FIRE:  124 11:58:36        7.020000*          nan
FIRE:  125 11:58:36        7.020000*          nan
FIRE:  126 11:58:36        7.020000*          nan
FIRE:  127 11:58:36        7.020000*          nan
FIRE:  128 11:58:36        7.020000*          nan
FIRE:  129 11:58:36        7.020000*          nan
FIRE:  130 11:58:36        7.020000*          nan
FIRE:  131 11:58:36        7.020000*          nan
FIRE:  132 11:58:36        7.020000*          nan
FIRE:  133 11:58:36        7.020000*          nan
FIRE:  134 11:58:36        7.020000*          nan
FIRE:  135 11:58:37        7.020000*          nan
FIRE:  136 11:58:37        7.020000*          nan
FIRE:  137 11:58:37        7.020000*          nan
FIRE:  138 11:58:37        7.020000*          nan
FIRE:  139 11:58:37        7.020000*          nan
FIRE:  140 11:58:37        7.020000*          nan
FIRE:  141 11:58:37        7.020000*          nan
FIRE:  142 11:58:37        7.020000*          nan
FIRE:  143 11:58:37        7.020000*          nan
FIRE:  144 11:58:37        7.020000*          nan
FIRE:  145 11:58:37        7.020000*          nan
FIRE:  146 11:58:37        7.020000*          nan
FIRE:  147 11:58:37        7.020000*          nan
FIRE:  148 11:58:37        7.020000*          nan
FIRE:  149 11:58:37        7.020000*          nan
FIRE:  150 11:58:37        7.020000*          nan
FIRE:  151 11:58:37        7.020000*          nan
FIRE:  152 11:58:37        7.020000*          nan
FIRE:  153 11:58:37        7.020000*          nan
FIRE:  154 11:58:37        7.020000*          nan
FIRE:  155 11:58:37        7.020000*          nan
FIRE:  156 11:58:37        7.020000*          nan
FIRE:  157 11:58:37        7.020000*          nan
FIRE:  158 11:58:37        7.020000*          nan
FIRE:  159 11:58:37        7.020000*          nan
FIRE:  160 11:58:37        7.020000*          nan
FIRE:  161 11:58:37        7.020000*          nan
FIRE:  162 11:58:37        7.020000*          nan
FIRE:  163 11:58:37        7.020000*          nan
FIRE:  164 11:58:37        7.020000*          nan
FIRE:  165 11:58:37        7.020000*          nan
FIRE:  166 11:58:38        7.020000*          nan
FIRE:  167 11:58:38        7.020000*          nan
FIRE:  168 11:58:38        7.020000*          nan
FIRE:  169 11:58:38        7.020000*          nan
FIRE:  170 11:58:38        7.020000*          nan
FIRE:  171 11:58:38        7.020000*          nan
FIRE:  172 11:58:38        7.020000*          nan
FIRE:  173 11:58:38        7.020000*          nan
FIRE:  174 11:58:38        7.020000*          nan
FIRE:  175 11:58:38        7.020000*          nan
FIRE:  176 11:58:38        7.020000*          nan
FIRE:  177 11:58:38        7.020000*          nan
FIRE:  178 11:58:38        7.020000*          nan
FIRE:  179 11:58:38        7.020000*          nan
FIRE:  180 11:58:38        7.020000*          nan
FIRE:  181 11:58:38        7.020000*          nan
FIRE:  182 11:58:38        7.020000*          nan
FIRE:  183 11:58:38        7.020000*          nan
FIRE:  184 11:58:38        7.020000*          nan
FIRE:  185 11:58:38        7.020000*          nan
FIRE:  186 11:58:38        7.020000*          nan
FIRE:  187 11:58:38        7.020000*          nan
FIRE:  188 11:58:38        7.020000*          nan
FIRE:  189 11:58:38        7.020000*          nan
FIRE:  190 11:58:38        7.020000*          nan
FIRE:  191 11:58:38        7.020000*          nan
FIRE:  192 11:58:38        7.020000*          nan
FIRE:  193 11:58:38        7.020000*          nan
FIRE:  194 11:58:38        7.020000*          nan
FIRE:  195 11:58:38        7.020000*          nan
FIRE:  196 11:58:39        7.020000*          nan
FIRE:  197 11:58:39        7.020000*          nan
FIRE:  198 11:58:39        7.020000*          nan
FIRE:  199 11:58:39        7.020000*          nan
FIRE:  200 11:58:39        7.020000*          nan
FIRE:  201 11:58:39        7.020000*          nan
FIRE:  202 11:58:39        7.020000*          nan
FIRE:  203 11:58:39        7.020000*          nan
FIRE:  204 11:58:39        7.020000*          nan
FIRE:  205 11:58:39        7.020000*          nan
FIRE:  206 11:58:39        7.020000*          nan
FIRE:  207 11:58:39        7.020000*          nan
FIRE:  208 11:58:39        7.020000*          nan
FIRE:  209 11:58:39        7.020000*          nan
FIRE:  210 11:58:39        7.020000*          nan
FIRE:  211 11:58:39        7.020000*          nan
FIRE:  212 11:58:39        7.020000*          nan
FIRE:  213 11:58:39        7.020000*          nan
FIRE:  214 11:58:39        7.020000*          nan
FIRE:  215 11:58:39        7.020000*          nan
FIRE:  216 11:58:39        7.020000*          nan
FIRE:  217 11:58:39        7.020000*          nan
FIRE:  218 11:58:39        7.020000*          nan
FIRE:  219 11:58:39        7.020000*          nan
FIRE:  220 11:58:39        7.020000*          nan
FIRE:  221 11:58:39        7.020000*          nan
FIRE:  222 11:58:39        7.020000*          nan
FIRE:  223 11:58:39        7.020000*          nan
FIRE:  224 11:58:39        7.020000*          nan
FIRE:  225 11:58:39        7.020000*          nan
FIRE:  226 11:58:40        7.020000*          nan
FIRE:  227 11:58:40        7.020000*          nan
FIRE:  228 11:58:40        7.020000*          nan
FIRE:  229 11:58:40        7.020000*          nan
FIRE:  230 11:58:40        7.020000*          nan
FIRE:  231 11:58:40        7.020000*          nan
FIRE:  232 11:58:40        7.020000*          nan
FIRE:  233 11:58:40        7.020000*          nan
FIRE:  234 11:58:40        7.020000*          nan
FIRE:  235 11:58:40        7.020000*          nan
FIRE:  236 11:58:40        7.020000*          nan
FIRE:  237 11:58:40        7.020000*          nan
FIRE:  238 11:58:40        7.020000*          nan
FIRE:  239 11:58:40        7.020000*          nan
FIRE:  240 11:58:40        7.020000*          nan
FIRE:  241 11:58:40        7.020000*          nan
FIRE:  242 11:58:40        7.020000*          nan
FIRE:  243 11:58:40        7.020000*          nan
FIRE:  244 11:58:40        7.020000*          nan
FIRE:  245 11:58:40        7.020000*          nan
FIRE:  246 11:58:40        7.020000*          nan
FIRE:  247 11:58:40        7.020000*          nan
FIRE:  248 11:58:40        7.020000*          nan
FIRE:  249 11:58:40        7.020000*          nan
FIRE:  250 11:58:40        7.020000*          nan
FIRE:  251 11:58:40        7.020000*          nan
FIRE:  252 11:58:40        7.020000*          nan
FIRE:  253 11:58:40        7.020000*          nan
FIRE:  254 11:58:40        7.020000*          nan
FIRE:  255 11:58:40        7.020000*          nan
FIRE:  256 11:58:41        7.020000*          nan
FIRE:  257 11:58:41        7.020000*          nan
FIRE:  258 11:58:41        7.020000*          nan
FIRE:  259 11:58:41        7.020000*          nan
FIRE:  260 11:58:41        7.020000*          nan
FIRE:  261 11:58:41        7.020000*          nan
FIRE:  262 11:58:41        7.020000*          nan
FIRE:  263 11:58:41        7.020000*          nan
FIRE:  264 11:58:41        7.020000*          nan
FIRE:  265 11:58:41        7.020000*          nan
FIRE:  266 11:58:41        7.020000*          nan
FIRE:  267 11:58:41        7.020000*          nan
FIRE:  268 11:58:41        7.020000*          nan
FIRE:  269 11:58:41        7.020000*          nan
FIRE:  270 11:58:41        7.020000*          nan
FIRE:  271 11:58:41        7.020000*          nan
FIRE:  272 11:58:41        7.020000*          nan
FIRE:  273 11:58:41        7.020000*          nan
FIRE:  274 11:58:41        7.020000*          nan
FIRE:  275 11:58:41        7.020000*          nan
FIRE:  276 11:58:41        7.020000*          nan
FIRE:  277 11:58:41        7.020000*          nan
FIRE:  278 11:58:41        7.020000*          nan
FIRE:  279 11:58:41        7.020000*          nan
FIRE:  280 11:58:41        7.020000*          nan
FIRE:  281 11:58:41        7.020000*          nan
FIRE:  282 11:58:41        7.020000*          nan
FIRE:  283 11:58:41        7.020000*          nan
FIRE:  284 11:58:41        7.020000*          nan
FIRE:  285 11:58:41        7.020000*          nan
FIRE:  286 11:58:41        7.020000*          nan
FIRE:  287 11:58:42        7.020000*          nan
FIRE:  288 11:58:42        7.020000*          nan
FIRE:  289 11:58:42        7.020000*          nan
FIRE:  290 11:58:42        7.020000*          nan
FIRE:  291 11:58:42        7.020000*          nan
FIRE:  292 11:58:42        7.020000*          nan
FIRE:  293 11:58:42        7.020000*          nan
FIRE:  294 11:58:42        7.020000*          nan
FIRE:  295 11:58:42        7.020000*          nan
FIRE:  296 11:58:42        7.020000*          nan
FIRE:  297 11:58:42        7.020000*          nan
FIRE:  298 11:58:42        7.020000*          nan
FIRE:  299 11:58:42        7.020000*          nan
FIRE:  300 11:58:42        7.020000*          nan
FIRE:  301 11:58:42        7.020000*          nan
FIRE:  302 11:58:42        7.020000*          nan
FIRE:  303 11:58:42        7.020000*          nan
FIRE:  304 11:58:42        7.020000*          nan
FIRE:  305 11:58:42        7.020000*          nan
FIRE:  306 11:58:42        7.020000*          nan
FIRE:  307 11:58:42        7.020000*          nan
FIRE:  308 11:58:42        7.020000*          nan
FIRE:  309 11:58:42        7.020000*          nan
FIRE:  310 11:58:42        7.020000*          nan
FIRE:  311 11:58:42        7.020000*          nan
FIRE:  312 11:58:42        7.020000*          nan
FIRE:  313 11:58:42        7.020000*          nan
FIRE:  314 11:58:42        7.020000*          nan
FIRE:  315 11:58:42        7.020000*          nan
FIRE:  316 11:58:42        7.020000*          nan
FIRE:  317 11:58:42        7.020000*          nan
FIRE:  318 11:58:43        7.020000*          nan
FIRE:  319 11:58:43        7.020000*          nan
FIRE:  320 11:58:43        7.020000*          nan
FIRE:  321 11:58:43        7.020000*          nan
FIRE:  322 11:58:43        7.020000*          nan
FIRE:  323 11:58:43        7.020000*          nan
FIRE:  324 11:58:43        7.020000*          nan
FIRE:  325 11:58:43        7.020000*          nan
FIRE:  326 11:58:43        7.020000*          nan
FIRE:  327 11:58:43        7.020000*          nan
FIRE:  328 11:58:43        7.020000*          nan
FIRE:  329 11:58:43        7.020000*          nan
FIRE:  330 11:58:43        7.020000*          nan
FIRE:  331 11:58:43        7.020000*          nan
FIRE:  332 11:58:43        7.020000*          nan
FIRE:  333 11:58:43        7.020000*          nan
FIRE:  334 11:58:43        7.020000*          nan
FIRE:  335 11:58:43        7.020000*          nan
FIRE:  336 11:58:43        7.020000*          nan
FIRE:  337 11:58:43        7.020000*          nan
FIRE:  338 11:58:43        7.020000*          nan
FIRE:  339 11:58:43        7.020000*          nan
FIRE:  340 11:58:43        7.020000*          nan
FIRE:  341 11:58:43        7.020000*          nan
FIRE:  342 11:58:43        7.020000*          nan
FIRE:  343 11:58:43        7.020000*          nan
FIRE:  344 11:58:43        7.020000*          nan
FIRE:  345 11:58:43        7.020000*          nan
FIRE:  346 11:58:43        7.020000*          nan
FIRE:  347 11:58:43        7.020000*          nan
FIRE:  348 11:58:44        7.020000*          nan
FIRE:  349 11:58:44        7.020000*          nan
FIRE:  350 11:58:44        7.020000*          nan
FIRE:  351 11:58:44        7.020000*          nan
FIRE:  352 11:58:44        7.020000*          nan
FIRE:  353 11:58:44        7.020000*          nan
FIRE:  354 11:58:44        7.020000*          nan
FIRE:  355 11:58:44        7.020000*          nan
FIRE:  356 11:58:44        7.020000*          nan
FIRE:  357 11:58:44        7.020000*          nan
FIRE:  358 11:58:44        7.020000*          nan
FIRE:  359 11:58:44        7.020000*          nan
FIRE:  360 11:58:44        7.020000*          nan
FIRE:  361 11:58:44        7.020000*          nan
FIRE:  362 11:58:44        7.020000*          nan
FIRE:  363 11:58:44        7.020000*          nan
FIRE:  364 11:58:44        7.020000*          nan
FIRE:  365 11:58:44        7.020000*          nan
FIRE:  366 11:58:44        7.020000*          nan
FIRE:  367 11:58:44        7.020000*          nan
FIRE:  368 11:58:44        7.020000*          nan
FIRE:  369 11:58:44        7.020000*          nan
FIRE:  370 11:58:44        7.020000*          nan
FIRE:  371 11:58:44        7.020000*          nan
FIRE:  372 11:58:44        7.020000*          nan
FIRE:  373 11:58:44        7.020000*          nan
FIRE:  374 11:58:44        7.020000*          nan
FIRE:  375 11:58:44        7.020000*          nan
FIRE:  376 11:58:44        7.020000*          nan
FIRE:  377 11:58:44        7.020000*          nan
FIRE:  378 11:58:44        7.020000*          nan
FIRE:  379 11:58:45        7.020000*          nan
FIRE:  380 11:58:45        7.020000*          nan
FIRE:  381 11:58:45        7.020000*          nan
FIRE:  382 11:58:45        7.020000*          nan
FIRE:  383 11:58:45        7.020000*          nan
FIRE:  384 11:58:45        7.020000*          nan
FIRE:  385 11:58:45        7.020000*          nan
FIRE:  386 11:58:45        7.020000*          nan
FIRE:  387 11:58:45        7.020000*          nan
FIRE:  388 11:58:45        7.020000*          nan
FIRE:  389 11:58:45        7.020000*          nan
FIRE:  390 11:58:45        7.020000*          nan
FIRE:  391 11:58:45        7.020000*          nan
FIRE:  392 11:58:45        7.020000*          nan
FIRE:  393 11:58:45        7.020000*          nan
FIRE:  394 11:58:45        7.020000*          nan
FIRE:  395 11:58:45        7.020000*          nan
FIRE:  396 11:58:45        7.020000*          nan
FIRE:  397 11:58:45        7.020000*          nan
FIRE:  398 11:58:45        7.020000*          nan
FIRE:  399 11:58:45        7.020000*          nan
FIRE:  400 11:58:45        7.020000*          nan
FIRE:  401 11:58:45        7.020000*          nan
FIRE:  402 11:58:45        7.020000*          nan
FIRE:  403 11:58:45        7.020000*          nan
FIRE:  404 11:58:45        7.020000*          nan
FIRE:  405 11:58:45        7.020000*          nan
FIRE:  406 11:58:45        7.020000*          nan
FIRE:  407 11:58:45        7.020000*          nan
FIRE:  408 11:58:45        7.020000*          nan
FIRE:  409 11:58:45        7.020000*          nan
FIRE:  410 11:58:46        7.020000*          nan
FIRE:  411 11:58:46        7.020000*          nan
FIRE:  412 11:58:46        7.020000*          nan
FIRE:  413 11:58:46        7.020000*          nan
FIRE:  414 11:58:46        7.020000*          nan
FIRE:  415 11:58:46        7.020000*          nan
FIRE:  416 11:58:46        7.020000*          nan
FIRE:  417 11:58:46        7.020000*          nan
FIRE:  418 11:58:46        7.020000*          nan
FIRE:  419 11:58:46        7.020000*          nan
FIRE:  420 11:58:46        7.020000*          nan
FIRE:  421 11:58:46        7.020000*          nan
FIRE:  422 11:58:46        7.020000*          nan
FIRE:  423 11:58:46        7.020000*          nan
FIRE:  424 11:58:46        7.020000*          nan
FIRE:  425 11:58:46        7.020000*          nan
FIRE:  426 11:58:46        7.020000*          nan
FIRE:  427 11:58:46        7.020000*          nan
FIRE:  428 11:58:46        7.020000*          nan
FIRE:  429 11:58:46        7.020000*          nan
FIRE:  430 11:58:46        7.020000*          nan
FIRE:  431 11:58:46        7.020000*          nan
FIRE:  432 11:58:46        7.020000*          nan
FIRE:  433 11:58:46        7.020000*          nan
FIRE:  434 11:58:46        7.020000*          nan
FIRE:  435 11:58:46        7.020000*          nan
FIRE:  436 11:58:46        7.020000*          nan
FIRE:  437 11:58:46        7.020000*          nan
FIRE:  438 11:58:46        7.020000*          nan
FIRE:  439 11:58:46        7.020000*          nan
FIRE:  440 11:58:46        7.020000*          nan
FIRE:  441 11:58:46        7.020000*          nan
FIRE:  442 11:58:46        7.020000*          nan
FIRE:  443 11:58:46        7.020000*          nan
FIRE:  444 11:58:47        7.020000*          nan
FIRE:  445 11:58:47        7.020000*          nan
FIRE:  446 11:58:47        7.020000*          nan
FIRE:  447 11:58:47        7.020000*          nan
FIRE:  448 11:58:47        7.020000*          nan
FIRE:  449 11:58:47        7.020000*          nan
FIRE:  450 11:58:47        7.020000*          nan
FIRE:  451 11:58:47        7.020000*          nan
FIRE:  452 11:58:47        7.020000*          nan
FIRE:  453 11:58:47        7.020000*          nan
FIRE:  454 11:58:47        7.020000*          nan
FIRE:  455 11:58:47        7.020000*          nan
FIRE:  456 11:58:47        7.020000*          nan
FIRE:  457 11:58:47        7.020000*          nan
FIRE:  458 11:58:47        7.020000*          nan
FIRE:  459 11:58:47        7.020000*          nan
FIRE:  460 11:58:47        7.020000*          nan
FIRE:  461 11:58:47        7.020000*          nan
FIRE:  462 11:58:47        7.020000*          nan
FIRE:  463 11:58:47        7.020000*          nan
FIRE:  464 11:58:47        7.020000*          nan
FIRE:  465 11:58:47        7.020000*          nan
FIRE:  466 11:58:47        7.020000*          nan
FIRE:  467 11:58:47        7.020000*          nan
FIRE:  468 11:58:47        7.020000*          nan
FIRE:  469 11:58:47        7.020000*          nan
FIRE:  470 11:58:47        7.020000*          nan
FIRE:  471 11:58:47        7.020000*          nan
FIRE:  472 11:58:47        7.020000*          nan
FIRE:  473 11:58:47        7.020000*          nan
FIRE:  474 11:58:47        7.020000*          nan
FIRE:  475 11:58:47        7.020000*          nan
FIRE:  476 11:58:47        7.020000*          nan
FIRE:  477 11:58:47        7.020000*          nan
FIRE:  478 11:58:48        7.020000*          nan
FIRE:  479 11:58:48        7.020000*          nan
FIRE:  480 11:58:48        7.020000*          nan
FIRE:  481 11:58:48        7.020000*          nan
FIRE:  482 11:58:48        7.020000*          nan
FIRE:  483 11:58:48        7.020000*          nan
FIRE:  484 11:58:48        7.020000*          nan
FIRE:  485 11:58:48        7.020000*          nan
FIRE:  486 11:58:48        7.020000*          nan
FIRE:  487 11:58:48        7.020000*          nan
FIRE:  488 11:58:48        7.020000*          nan
FIRE:  489 11:58:48        7.020000*          nan
FIRE:  490 11:58:48        7.020000*          nan
FIRE:  491 11:58:48        7.020000*          nan
FIRE:  492 11:58:48        7.020000*          nan
FIRE:  493 11:58:48        7.020000*          nan
FIRE:  494 11:58:48        7.020000*          nan
FIRE:  495 11:58:48        7.020000*          nan
FIRE:  496 11:58:48        7.020000*          nan
FIRE:  497 11:58:48        7.020000*          nan
FIRE:  498 11:58:48        7.020000*          nan
FIRE:  499 11:58:48        7.020000*          nan
FIRE:  500 11:58:48        7.020000*          nan
FIRE:  501 11:58:48        7.020000*          nan
FIRE:  502 11:58:48        7.020000*          nan
FIRE:  503 11:58:48        7.020000*          nan
FIRE:  504 11:58:48        7.020000*          nan
FIRE:  505 11:58:48        7.020000*          nan
FIRE:  506 11:58:48        7.020000*          nan
FIRE:  507 11:58:48        7.020000*          nan
FIRE:  508 11:58:48        7.020000*          nan
FIRE:  509 11:58:48        7.020000*          nan
FIRE:  510 11:58:48        7.020000*          nan
FIRE:  511 11:58:48        7.020000*          nan
FIRE:  512 11:58:49        7.020000*          nan
FIRE:  513 11:58:49        7.020000*          nan
FIRE:  514 11:58:49        7.020000*          nan
FIRE:  515 11:58:49        7.020000*          nan
FIRE:  516 11:58:49        7.020000*          nan
FIRE:  517 11:58:49        7.020000*          nan
FIRE:  518 11:58:49        7.020000*          nan
FIRE:  519 11:58:49        7.020000*          nan
FIRE:  520 11:58:49        7.020000*          nan
FIRE:  521 11:58:49        7.020000*          nan
FIRE:  522 11:58:49        7.020000*          nan
FIRE:  523 11:58:49        7.020000*          nan
FIRE:  524 11:58:49        7.020000*          nan
FIRE:  525 11:58:49        7.020000*          nan
FIRE:  526 11:58:49        7.020000*          nan
FIRE:  527 11:58:49        7.020000*          nan
FIRE:  528 11:58:49        7.020000*          nan
FIRE:  529 11:58:49        7.020000*          nan
FIRE:  530 11:58:49        7.020000*          nan
FIRE:  531 11:58:49        7.020000*          nan
FIRE:  532 11:58:49        7.020000*          nan
FIRE:  533 11:58:49        7.020000*          nan
FIRE:  534 11:58:49        7.020000*          nan
FIRE:  535 11:58:49        7.020000*          nan
FIRE:  536 11:58:49        7.020000*          nan
FIRE:  537 11:58:49        7.020000*          nan
FIRE:  538 11:58:49        7.020000*          nan
FIRE:  539 11:58:49        7.020000*          nan
FIRE:  540 11:58:49        7.020000*          nan
FIRE:  541 11:58:49        7.020000*          nan
FIRE:  542 11:58:49        7.020000*          nan
FIRE:  543 11:58:49        7.020000*          nan
FIRE:  544 11:58:49        7.020000*          nan
FIRE:  545 11:58:50        7.020000*          nan
FIRE:  546 11:58:50        7.020000*          nan
FIRE:  547 11:58:50        7.020000*          nan
FIRE:  548 11:58:50        7.020000*          nan
FIRE:  549 11:58:50        7.020000*          nan
FIRE:  550 11:58:50        7.020000*          nan
FIRE:  551 11:58:50        7.020000*          nan
FIRE:  552 11:58:50        7.020000*          nan
FIRE:  553 11:58:50        7.020000*          nan
FIRE:  554 11:58:50        7.020000*          nan
FIRE:  555 11:58:50        7.020000*          nan
FIRE:  556 11:58:50        7.020000*          nan
FIRE:  557 11:58:50        7.020000*          nan
FIRE:  558 11:58:50        7.020000*          nan
FIRE:  559 11:58:50        7.020000*          nan
FIRE:  560 11:58:50        7.020000*          nan
FIRE:  561 11:58:50        7.020000*          nan
FIRE:  562 11:58:50        7.020000*          nan
FIRE:  563 11:58:50        7.020000*          nan
FIRE:  564 11:58:50        7.020000*          nan
FIRE:  565 11:58:50        7.020000*          nan
FIRE:  566 11:58:50        7.020000*          nan
FIRE:  567 11:58:50        7.020000*          nan
FIRE:  568 11:58:50        7.020000*          nan
FIRE:  569 11:58:50        7.020000*          nan
FIRE:  570 11:58:50        7.020000*          nan
FIRE:  571 11:58:50        7.020000*          nan
FIRE:  572 11:58:50        7.020000*          nan
FIRE:  573 11:58:50        7.020000*          nan
FIRE:  574 11:58:50        7.020000*          nan
FIRE:  575 11:58:50        7.020000*          nan
FIRE:  576 11:58:51        7.020000*          nan
FIRE:  577 11:58:51        7.020000*          nan
FIRE:  578 11:58:51        7.020000*          nan
FIRE:  579 11:58:51        7.020000*          nan
FIRE:  580 11:58:51        7.020000*          nan
FIRE:  581 11:58:51        7.020000*          nan
FIRE:  582 11:58:51        7.020000*          nan
FIRE:  583 11:58:51        7.020000*          nan
FIRE:  584 11:58:51        7.020000*          nan
FIRE:  585 11:58:51        7.020000*          nan
FIRE:  586 11:58:51        7.020000*          nan
FIRE:  587 11:58:51        7.020000*          nan
FIRE:  588 11:58:51        7.020000*          nan
FIRE:  589 11:58:51        7.020000*          nan
FIRE:  590 11:58:51        7.020000*          nan
FIRE:  591 11:58:51        7.020000*          nan
FIRE:  592 11:58:51        7.020000*          nan
FIRE:  593 11:58:51        7.020000*          nan
FIRE:  594 11:58:51        7.020000*          nan
FIRE:  595 11:58:51        7.020000*          nan
FIRE:  596 11:58:51        7.020000*          nan
FIRE:  597 11:58:51        7.020000*          nan
FIRE:  598 11:58:51        7.020000*          nan
FIRE:  599 11:58:51        7.020000*          nan
FIRE:  600 11:58:51        7.020000*          nan
FIRE:  601 11:58:51        7.020000*          nan
FIRE:  602 11:58:51        7.020000*          nan
FIRE:  603 11:58:51        7.020000*          nan
FIRE:  604 11:58:51        7.020000*          nan
FIRE:  605 11:58:51        7.020000*          nan
FIRE:  606 11:58:51        7.020000*          nan
FIRE:  607 11:58:52        7.020000*          nan
FIRE:  608 11:58:52        7.020000*          nan
FIRE:  609 11:58:52        7.020000*          nan
FIRE:  610 11:58:52        7.020000*          nan
FIRE:  611 11:58:52        7.020000*          nan
FIRE:  612 11:58:52        7.020000*          nan
FIRE:  613 11:58:52        7.020000*          nan
FIRE:  614 11:58:52        7.020000*          nan
FIRE:  615 11:58:52        7.020000*          nan
FIRE:  616 11:58:52        7.020000*          nan
FIRE:  617 11:58:52        7.020000*          nan
FIRE:  618 11:58:52        7.020000*          nan
FIRE:  619 11:58:52        7.020000*          nan
FIRE:  620 11:58:52        7.020000*          nan
FIRE:  621 11:58:52        7.020000*          nan
FIRE:  622 11:58:52        7.020000*          nan
FIRE:  623 11:58:52        7.020000*          nan
FIRE:  624 11:58:52        7.020000*          nan
FIRE:  625 11:58:52        7.020000*          nan
FIRE:  626 11:58:52        7.020000*          nan
FIRE:  627 11:58:52        7.020000*          nan
FIRE:  628 11:58:52        7.020000*          nan
FIRE:  629 11:58:52        7.020000*          nan
FIRE:  630 11:58:52        7.020000*          nan
FIRE:  631 11:58:52        7.020000*          nan
FIRE:  632 11:58:52        7.020000*          nan
FIRE:  633 11:58:52        7.020000*          nan
FIRE:  634 11:58:52        7.020000*          nan
FIRE:  635 11:58:52        7.020000*          nan
FIRE:  636 11:58:52        7.020000*          nan
FIRE:  637 11:58:53        7.020000*          nan
FIRE:  638 11:58:53        7.020000*          nan
FIRE:  639 11:58:53        7.020000*          nan
FIRE:  640 11:58:53        7.020000*          nan
FIRE:  641 11:58:53        7.020000*          nan
FIRE:  642 11:58:53        7.020000*          nan
FIRE:  643 11:58:53        7.020000*          nan
FIRE:  644 11:58:53        7.020000*          nan
FIRE:  645 11:58:53        7.020000*          nan
FIRE:  646 11:58:53        7.020000*          nan
FIRE:  647 11:58:53        7.020000*          nan
FIRE:  648 11:58:53        7.020000*          nan
FIRE:  649 11:58:53        7.020000*          nan
FIRE:  650 11:58:53        7.020000*          nan
FIRE:  651 11:58:53        7.020000*          nan
FIRE:  652 11:58:53        7.020000*          nan
FIRE:  653 11:58:53        7.020000*          nan
FIRE:  654 11:58:53        7.020000*          nan
FIRE:  655 11:58:53        7.020000*          nan
FIRE:  656 11:58:53        7.020000*          nan
FIRE:  657 11:58:53        7.020000*          nan
FIRE:  658 11:58:53        7.020000*          nan
FIRE:  659 11:58:53        7.020000*          nan
FIRE:  660 11:58:53        7.020000*          nan
FIRE:  661 11:58:53        7.020000*          nan
FIRE:  662 11:58:53        7.020000*          nan
FIRE:  663 11:58:53        7.020000*          nan
FIRE:  664 11:58:53        7.020000*          nan
FIRE:  665 11:58:53        7.020000*          nan
FIRE:  666 11:58:53        7.020000*          nan
FIRE:  667 11:58:54        7.020000*          nan
FIRE:  668 11:58:54        7.020000*          nan
FIRE:  669 11:58:54        7.020000*          nan
FIRE:  670 11:58:54        7.020000*          nan
FIRE:  671 11:58:54        7.020000*          nan
FIRE:  672 11:58:54        7.020000*          nan
FIRE:  673 11:58:54        7.020000*          nan
FIRE:  674 11:58:54        7.020000*          nan
FIRE:  675 11:58:54        7.020000*          nan
FIRE:  676 11:58:54        7.020000*          nan
FIRE:  677 11:58:54        7.020000*          nan
FIRE:  678 11:58:54        7.020000*          nan
FIRE:  679 11:58:54        7.020000*          nan
FIRE:  680 11:58:54        7.020000*          nan
FIRE:  681 11:58:54        7.020000*          nan
FIRE:  682 11:58:54        7.020000*          nan
FIRE:  683 11:58:54        7.020000*          nan
FIRE:  684 11:58:54        7.020000*          nan
FIRE:  685 11:58:54        7.020000*          nan
FIRE:  686 11:58:54        7.020000*          nan
FIRE:  687 11:58:54        7.020000*          nan
FIRE:  688 11:58:54        7.020000*          nan
FIRE:  689 11:58:54        7.020000*          nan
FIRE:  690 11:58:54        7.020000*          nan
FIRE:  691 11:58:54        7.020000*          nan
FIRE:  692 11:58:54        7.020000*          nan
FIRE:  693 11:58:54        7.020000*          nan
FIRE:  694 11:58:54        7.020000*          nan
FIRE:  695 11:58:54        7.020000*          nan
FIRE:  696 11:58:54        7.020000*          nan
FIRE:  697 11:58:55        7.020000*          nan
FIRE:  698 11:58:55        7.020000*          nan
FIRE:  699 11:58:55        7.020000*          nan
FIRE:  700 11:58:55        7.020000*          nan
FIRE:  701 11:58:55        7.020000*          nan
FIRE:  702 11:58:55        7.020000*          nan
FIRE:  703 11:58:55        7.020000*          nan
FIRE:  704 11:58:55        7.020000*          nan
FIRE:  705 11:58:55        7.020000*          nan
FIRE:  706 11:58:55        7.020000*          nan
FIRE:  707 11:58:55        7.020000*          nan
FIRE:  708 11:58:55        7.020000*          nan
FIRE:  709 11:58:55        7.020000*          nan
FIRE:  710 11:58:55        7.020000*          nan
FIRE:  711 11:58:55        7.020000*          nan
FIRE:  712 11:58:55        7.020000*          nan
FIRE:  713 11:58:55        7.020000*          nan
FIRE:  714 11:58:55        7.020000*          nan
FIRE:  715 11:58:55        7.020000*          nan
FIRE:  716 11:58:55        7.020000*          nan
FIRE:  717 11:58:55        7.020000*          nan
FIRE:  718 11:58:55        7.020000*          nan
FIRE:  719 11:58:55        7.020000*          nan
FIRE:  720 11:58:55        7.020000*          nan
FIRE:  721 11:58:55        7.020000*          nan
FIRE:  722 11:58:55        7.020000*          nan
FIRE:  723 11:58:55        7.020000*          nan
FIRE:  724 11:58:55        7.020000*          nan
FIRE:  725 11:58:55        7.020000*          nan
FIRE:  726 11:58:55        7.020000*          nan
FIRE:  727 11:58:55        7.020000*          nan
      Step     Time          Energy         fmax
*Force-consistent energies used in optimization.
FIRE:    0 11:59:17        6.888839*       2.9462
FIRE:    1 11:59:17        6.888317*       2.9238
FIRE:    2 11:59:17        6.887270*       2.8473
FIRE:    3 11:59:17        6.885694*       2.6504
FIRE:    4 11:59:17        6.883604*       2.2398
FIRE:    5 11:59:17        6.881373*       1.9837
FIRE:    6 11:59:17        6.878923*       2.3755
FIRE:    7 11:59:17        6.876233*       2.1428
FIRE:    8 11:59:17        6.873297*       2.1639
FIRE:    9 11:59:17        6.870005*       3.8726
FIRE:   10 11:59:17        6.866373*       3.3641
FIRE:   11 11:59:17        6.862620*       1.4894
FIRE:   12 11:59:17        6.858607*       1.0902
FIRE:   13 11:59:17        6.854052*       1.9033
FIRE:   14 11:59:17        6.853883*       1.6122
FIRE:   15 11:59:17        6.853548*       1.2523
FIRE:   16 11:59:17        6.853045*       1.3283
FIRE:   17 11:59:18        6.852375*       1.2051
FIRE:   18 11:59:18        6.851574*       1.5324
FIRE:   19 11:59:18        6.850684*       1.4297
FIRE:   20 11:59:18        6.849726*       0.6518
FIRE:   21 11:59:18        6.848596*       0.9888
FIRE:   22 11:59:18        6.847307*       0.9694
FIRE:   23 11:59:18        6.845892*       1.0591
FIRE:   24 11:59:18        6.844378*       0.5581
FIRE:   25 11:59:18        6.842795*       0.9428
FIRE:   26 11:59:18        6.841186*       1.1941
FIRE:   27 11:59:18        6.839573*       0.5650
FIRE:   28 11:59:18        6.839570*       0.4542
FIRE:   29 11:59:18        6.839565*       0.2468
FIRE:   30 11:59:18        6.839558*       0.0907
FIRE:   31 11:59:18        6.839557*       0.0879
FIRE:   32 11:59:18        6.839556*       0.0826
FIRE:   33 11:59:18        6.839554*       0.0750
FIRE:   34 11:59:18        6.839552*       0.0658
FIRE:   35 11:59:18        6.839549*       0.0556
FIRE:   36 11:59:18        6.839546*       0.0499
FIRE:   37 11:59:18        6.839542*       0.0563
FIRE:   38 11:59:18        6.839538*       0.0675
FIRE:   39 11:59:18        6.839532*       0.0752
FIRE:   40 11:59:18        6.839525*       0.0774
FIRE:   41 11:59:18        6.839517*       0.0723
FIRE:   42 11:59:18        6.839508*       0.0624
FIRE:   43 11:59:18        6.839496*       0.0603
FIRE:   44 11:59:18        6.839484*       0.0542
FIRE:   45 11:59:18        6.839470*       0.0584
FIRE:   46 11:59:18        6.839455*       0.0504
FIRE:   47 11:59:18        6.839441*       0.0464
FIRE:   48 11:59:18        6.839429*       0.0604
FIRE:   49 11:59:18        6.839422*       0.0475
FIRE:   50 11:59:18        6.839422*       0.0431
FIRE:   51 11:59:18        6.839437*       0.0416
FIRE:   52 11:59:18        6.839472*       0.0505
FIRE:   53 11:59:18        6.839530*       0.0484
FIRE:   54 11:59:18        6.839619*       0.0369
      Step     Time          Energy         fmax
*Force-consistent energies used in optimization.
FIRE:    0 11:59:38        6.888839*       2.9462
FIRE:    1 11:59:38        6.888317*       2.9238
FIRE:    2 11:59:38        6.887270*       2.8473
FIRE:    3 11:59:38        6.885694*       2.6504
FIRE:    4 11:59:38        6.883604*       2.2398
FIRE:    5 11:59:38        6.881373*       1.9837
FIRE:    6 11:59:38        6.878923*       2.3755
FIRE:    7 11:59:38        6.876233*       2.1428
FIRE:    8 11:59:38        6.873297*       2.1639
FIRE:    9 11:59:38        6.870005*       3.8726
FIRE:   10 11:59:38        6.866373*       3.3641
FIRE:   11 11:59:38        6.862620*       1.4894
FIRE:   12 11:59:38        6.858607*       1.0902
FIRE:   13 11:59:38        6.854052*       1.9033
FIRE:   14 11:59:38        6.853883*       1.6122
FIRE:   15 11:59:38        6.853548*       1.2523
FIRE:   16 11:59:38        6.853045*       1.3283
FIRE:   17 11:59:38        6.852375*       1.2051
FIRE:   18 11:59:38        6.851574*       1.5324
FIRE:   19 11:59:38        6.850684*       1.4297
FIRE:   20 11:59:38        6.849726*       0.6518
FIRE:   21 11:59:38        6.848596*       0.9888
FIRE:   22 11:59:38        6.847307*       0.9694
FIRE:   23 11:59:38        6.845892*       1.0591
FIRE:   24 11:59:38        6.844378*       0.5581
FIRE:   25 11:59:38        6.842795*       0.9428
FIRE:   26 11:59:38        6.841186*       1.1941
FIRE:   27 11:59:38        6.839573*       0.5650
FIRE:   28 11:59:38        6.839570*       0.4542
FIRE:   29 11:59:38        6.839565*       0.2468
FIRE:   30 11:59:39        6.839558*       0.0907
FIRE:   31 11:59:39        6.839557*       0.0879
FIRE:   32 11:59:39        6.839556*       0.0826
FIRE:   33 11:59:39        6.839554*       0.0750
FIRE:   34 11:59:39        6.839552*       0.0658
FIRE:   35 11:59:39        6.839549*       0.0556
FIRE:   36 11:59:39        6.839546*       0.0499
FIRE:   37 11:59:39        6.839542*       0.0563
FIRE:   38 11:59:39        6.839538*       0.0675
FIRE:   39 11:59:39        6.839532*       0.0752
FIRE:   40 11:59:39        6.839525*       0.0774
FIRE:   41 11:59:39        6.839517*       0.0723
FIRE:   42 11:59:39        6.839508*       0.0624
FIRE:   43 11:59:39        6.839496*       0.0603
FIRE:   44 11:59:39        6.839484*       0.0542
FIRE:   45 11:59:39        6.839470*       0.0584
FIRE:   46 11:59:39        6.839455*       0.0504
FIRE:   47 11:59:39        6.839441*       0.0464
FIRE:   48 11:59:39        6.839429*       0.0604
FIRE:   49 11:59:39        6.839422*       0.0475
FIRE:   50 11:59:39        6.839422*       0.0431
FIRE:   51 11:59:39        6.839437*       0.0416
FIRE:   52 11:59:39        6.839472*       0.0505
FIRE:   53 11:59:39        6.839530*       0.0484
FIRE:   54 11:59:39        6.839619*       0.0369
      Step     Time          Energy         fmax
*Force-consistent energies used in optimization.
FIRE:    0 12:00:30        6.888839*       2.9462
FIRE:    1 12:00:30        6.888317*       2.9238
FIRE:    2 12:00:30        6.887270*       2.8473
FIRE:    3 12:00:30        6.885694*       2.6504
FIRE:    4 12:00:30        6.883604*       2.2398
FIRE:    5 12:00:30        6.881373*       1.9837
FIRE:    6 12:00:30        6.878923*       2.3755
FIRE:    7 12:00:30        6.876233*       2.1428
FIRE:    8 12:00:30        6.873297*       2.1639
FIRE:    9 12:00:30        6.870005*       3.8726
FIRE:   10 12:00:30        6.866373*       3.3641
FIRE:   11 12:00:30        6.862620*       1.4894
FIRE:   12 12:00:30        6.858607*       1.0902
FIRE:   13 12:00:30        6.854052*       1.9033
FIRE:   14 12:00:30        6.853883*       1.6122
FIRE:   15 12:00:30        6.853548*       1.2523
FIRE:   16 12:00:30        6.853045*       1.3283
FIRE:   17 12:00:30        6.852375*       1.2051
FIRE:   18 12:00:30        6.851574*       1.5324
FIRE:   19 12:00:30        6.850684*       1.4297
FIRE:   20 12:00:30        6.849726*       0.6518
FIRE:   21 12:00:30        6.848596*       0.9888
FIRE:   22 12:00:30        6.847307*       0.9694
FIRE:   23 12:00:30        6.845892*       1.0591
FIRE:   24 12:00:30        6.844378*       0.5581
FIRE:   25 12:00:31        6.842795*       0.9428
FIRE:   26 12:00:31        6.841186*       1.1941
FIRE:   27 12:00:31        6.839573*       0.5650
FIRE:   28 12:00:31        6.839570*       0.4542
FIRE:   29 12:00:31        6.839565*       0.2468
FIRE:   30 12:00:31        6.839558*       0.0907
FIRE:   31 12:00:31        6.839557*       0.0879
FIRE:   32 12:00:31        6.839556*       0.0826
FIRE:   33 12:00:31        6.839554*       0.0750
FIRE:   34 12:00:31        6.839552*       0.0658
FIRE:   35 12:00:31        6.839549*       0.0556
FIRE:   36 12:00:31        6.839546*       0.0499
FIRE:   37 12:00:31        6.839542*       0.0563
FIRE:   38 12:00:31        6.839538*       0.0675
FIRE:   39 12:00:31        6.839532*       0.0752
FIRE:   40 12:00:31        6.839525*       0.0774
FIRE:   41 12:00:31        6.839517*       0.0723
FIRE:   42 12:00:31        6.839508*       0.0624
FIRE:   43 12:00:31        6.839496*       0.0603
FIRE:   44 12:00:31        6.839484*       0.0542
FIRE:   45 12:00:31        6.839470*       0.0584
FIRE:   46 12:00:31        6.839455*       0.0504
FIRE:   47 12:00:31        6.839441*       0.0464
FIRE:   48 12:00:31        6.839429*       0.0604
FIRE:   49 12:00:31        6.839422*       0.0475
FIRE:   50 12:00:32        6.839422*       0.0431
FIRE:   51 12:00:32        6.839437*       0.0416
FIRE:   52 12:00:32        6.839472*       0.0505
FIRE:   53 12:00:32        6.839530*       0.0484
FIRE:   54 12:00:32        6.839619*       0.0369
      Step     Time          Energy         fmax
*Force-consistent energies used in optimization.
FIRE:    0 12:01:18        6.888839*       2.9462
FIRE:    1 12:01:18        6.888317*       2.9238
FIRE:    2 12:01:18        6.887270*       2.8473
FIRE:    3 12:01:18        6.885694*       2.6504
FIRE:    4 12:01:18        6.883604*       2.2398
FIRE:    5 12:01:18        6.881373*       1.9837
FIRE:    6 12:01:18        6.878923*       2.3755
FIRE:    7 12:01:18        6.876233*       2.1428
FIRE:    8 12:01:18        6.873297*       2.1639
FIRE:    9 12:01:18        6.870005*       3.8726
FIRE:   10 12:01:18        6.866373*       3.3641
FIRE:   11 12:01:18        6.862620*       1.4894
FIRE:   12 12:01:19        6.858607*       1.0902
FIRE:   13 12:01:19        6.854052*       1.9033
FIRE:   14 12:01:19        6.853883*       1.6122
FIRE:   15 12:01:19        6.853548*       1.2523
FIRE:   16 12:01:19        6.853045*       1.3283
FIRE:   17 12:01:19        6.852375*       1.2051
FIRE:   18 12:01:19        6.851574*       1.5324
FIRE:   19 12:01:19        6.850684*       1.4297
FIRE:   20 12:01:19        6.849726*       0.6518
FIRE:   21 12:01:19        6.848596*       0.9888
FIRE:   22 12:01:19        6.847307*       0.9694
FIRE:   23 12:01:19        6.845892*       1.0591
FIRE:   24 12:01:19        6.844378*       0.5581
FIRE:   25 12:01:19        6.842795*       0.9428
FIRE:   26 12:01:19        6.841186*       1.1941
FIRE:   27 12:01:19        6.839573*       0.5650
FIRE:   28 12:01:19        6.839570*       0.4542
FIRE:   29 12:01:19        6.839565*       0.2468
FIRE:   30 12:01:19        6.839558*       0.0907
FIRE:   31 12:01:19        6.839557*       0.0879
FIRE:   32 12:01:19        6.839556*       0.0826
FIRE:   33 12:01:19        6.839554*       0.0750
FIRE:   34 12:01:19        6.839552*       0.0658
FIRE:   35 12:01:19        6.839549*       0.0556
FIRE:   36 12:01:20        6.839546*       0.0499
FIRE:   37 12:01:20        6.839542*       0.0563
FIRE:   38 12:01:20        6.839538*       0.0675
FIRE:   39 12:01:20        6.839532*       0.0752
FIRE:   40 12:01:20        6.839525*       0.0774
FIRE:   41 12:01:20        6.839517*       0.0723
FIRE:   42 12:01:20        6.839508*       0.0624
FIRE:   43 12:01:20        6.839496*       0.0603
FIRE:   44 12:01:20        6.839484*       0.0542
FIRE:   45 12:01:20        6.839470*       0.0584
FIRE:   46 12:01:20        6.839455*       0.0504
FIRE:   47 12:01:20        6.839441*       0.0464
FIRE:   48 12:01:20        6.839429*       0.0604
FIRE:   49 12:01:20        6.839422*       0.0475
FIRE:   50 12:01:20        6.839422*       0.0431
FIRE:   51 12:01:20        6.839437*       0.0416
FIRE:   52 12:01:20        6.839472*       0.0505
FIRE:   53 12:01:20        6.839530*       0.0484
FIRE:   54 12:01:20        6.839619*       0.0369
      Step     Time          Energy         fmax
*Force-consistent energies used in optimization.
FIRE:    0 12:07:59        6.888839*       2.9462
FIRE:    1 12:07:59        6.888782*       2.9238
FIRE:    2 12:07:59        6.888680*       2.8473
FIRE:    3 12:07:59        6.888563*       2.6504
FIRE:    4 12:07:59        6.888479*       2.2403
FIRE:    5 12:07:59        6.888496*       1.9843
FIRE:    6 12:07:59        6.888654*       2.3715
FIRE:    7 12:07:59        6.888994*       2.1448
FIRE:    8 12:07:59        6.889582*       2.1487
FIRE:    9 12:07:59        6.890527*       3.8550
FIRE:   10 12:07:59        6.891890*       3.3746
FIRE:   11 12:07:59        6.893678*       1.4865
FIRE:   12 12:07:59        6.896155*       1.0658
FIRE:   13 12:07:59        6.899650*       1.8880
FIRE:   14 12:08:00        6.900123*       1.5971
FIRE:   15 12:08:00        6.901069*       1.2146
FIRE:   16 12:08:00        6.902504*       1.2910
FIRE:   17 12:08:00        6.904452*       1.1823
FIRE:   18 12:08:00        6.906834*       1.5175
FIRE:   19 12:08:00        6.909557*       1.4117
FIRE:   20 12:08:00        6.912594*       0.6405
FIRE:   21 12:08:00        6.916373*       0.9572
FIRE:   22 12:08:00        6.920936*       0.9564
FIRE:   23 12:08:00        6.926234*       1.0429
FIRE:   24 12:08:00        6.932288*       0.5557
FIRE:   25 12:08:00        6.939227*       0.9182
FIRE:   26 12:08:00        6.946845*       1.1581
FIRE:   27 12:08:00        6.954842*       0.5521
FIRE:   28 12:08:00        6.955031*       0.4436
FIRE:   29 12:08:00        6.955412*       0.2412
FIRE:   30 12:08:00        6.956007*       0.1392
FIRE:   31 12:08:00        6.956849*       0.2419
FIRE:   32 12:08:00        6.956894*       0.2296
FIRE:   33 12:08:00        6.956984*       0.2060
FIRE:   34 12:08:00        6.957121*       0.1726
FIRE:   35 12:08:00        6.957305*       0.1383
FIRE:   36 12:08:00        6.957540*       0.1382
FIRE:   37 12:08:00        6.957830*       0.1380
FIRE:   38 12:08:00        6.958172*       0.1378
FIRE:   39 12:08:01        6.958605*       0.1501
FIRE:   40 12:08:01        6.959139*       0.1808
FIRE:   41 12:08:01        6.959787*       0.1891
FIRE:   42 12:08:01        6.960570*       0.1697
FIRE:   43 12:08:01        6.961521*       0.1374
FIRE:   44 12:08:01        6.962690*       0.1381
FIRE:   45 12:08:01        6.964145*       0.1398
FIRE:   46 12:08:01        6.965960*       0.1438
FIRE:   47 12:08:01        6.968254*       0.1522
FIRE:   48 12:08:01        6.971305*       0.1700
FIRE:   49 12:08:01        6.975763*       0.2076
FIRE:   50 12:08:01        6.983042*       0.2748
FIRE:   51 12:08:01        6.995248*       0.3166
FIRE:   52 12:08:01        7.009382*       0.1938
FIRE:   53 12:08:01        7.016990*       0.0882
FIRE:   54 12:08:01        7.019280*       0.1344
FIRE:   55 12:08:01        7.019837*       0.1405
FIRE:   56 12:08:01        7.019964*       0.0969
FIRE:   57 12:08:01        7.020000*       0.1408
FIRE:   58 12:08:01        7.020000*       0.0959
FIRE:   59 12:08:01        7.020000*       0.1780
FIRE:   60 12:08:01        7.020000*       0.3945
FIRE:   61 12:08:01        7.020000*       0.0589
FIRE:   62 12:08:01        7.020000*       0.3033
FIRE:   63 12:08:02        7.020000*       0.2402
FIRE:   64 12:08:02        7.020000*       0.1249
FIRE:   65 12:08:02        7.020000*       0.0571
FIRE:   66 12:08:02        7.020000*       0.0571
FIRE:   67 12:08:02        7.020000*       0.0571
FIRE:   68 12:08:02        7.020000*       0.0570
FIRE:   69 12:08:02        7.020000*       0.0569
FIRE:   70 12:08:02        7.020000*       0.0567
FIRE:   71 12:08:02        7.020000*       0.0566
FIRE:   72 12:08:02        7.020000*       0.0564
FIRE:   73 12:08:02        7.020000*       0.0562
FIRE:   74 12:08:02        7.020000*       0.0559
FIRE:   75 12:08:02        7.020000*       0.0555
FIRE:   76 12:08:02        7.020000*       0.0550
FIRE:   77 12:08:02        7.020000*       0.0545
FIRE:   78 12:08:02        7.020000*       0.0538
FIRE:   79 12:08:02        7.020000*       0.0529
FIRE:   80 12:08:02        7.020000*       0.0519
FIRE:   81 12:08:02        7.020000*       0.0507
FIRE:   82 12:08:02        7.020000*       0.0492
FIRE:   83 12:08:02        7.020000*       0.0474
FIRE:   84 12:08:02        7.020000*       0.0453
FIRE:   85 12:08:02        7.020000*       0.0428
FIRE:   86 12:08:02        7.020000*       0.0398
      Step     Time          Energy         fmax
*Force-consistent energies used in optimization.
FIRE:    0 12:15:15        6.888839*       2.9462
FIRE:    1 12:15:15        6.888782*       2.9238
FIRE:    2 12:15:15        6.888680*       2.8473
FIRE:    3 12:15:15        6.888563*       2.6504
FIRE:    4 12:15:15        6.888479*       2.2403
FIRE:    5 12:15:15        6.888496*       1.9843
FIRE:    6 12:15:15        6.888654*       2.3715
FIRE:    7 12:15:15        6.888994*       2.1448
FIRE:    8 12:15:15        6.889582*       2.1487
FIRE:    9 12:15:15        6.890527*       3.8550
FIRE:   10 12:15:15        6.891890*       3.3746
FIRE:   11 12:15:15        6.893678*       1.4865
FIRE:   12 12:15:15        6.896155*       1.0658
FIRE:   13 12:15:15        6.899650*       1.8880
FIRE:   14 12:15:15        6.900123*       1.5971
FIRE:   15 12:15:15        6.901069*       1.2146
FIRE:   16 12:15:15        6.902504*       1.2910
FIRE:   17 12:15:15        6.904452*       1.1823
FIRE:   18 12:15:15        6.906834*       1.5175
FIRE:   19 12:15:15        6.909557*       1.4117
FIRE:   20 12:15:15        6.912594*       0.6405
FIRE:   21 12:15:15        6.916373*       0.9572
FIRE:   22 12:15:15        6.920936*       0.9564
FIRE:   23 12:15:15        6.926234*       1.0429
FIRE:   24 12:15:15        6.932288*       0.5557
FIRE:   25 12:15:15        6.939227*       0.9182
FIRE:   26 12:15:15        6.946845*       1.1581
FIRE:   27 12:15:15        6.954842*       0.5521
FIRE:   28 12:15:15        6.955031*       0.4436
FIRE:   29 12:15:15        6.955412*       0.2412
FIRE:   30 12:15:15        6.956007*       0.1392
FIRE:   31 12:15:15        6.956849*       0.2419
FIRE:   32 12:15:15        6.956894*       0.2296
FIRE:   33 12:15:15        6.956984*       0.2060
FIRE:   34 12:15:15        6.957121*       0.1726
FIRE:   35 12:15:15        6.957305*       0.1383
FIRE:   36 12:15:15        6.957540*       0.1382
FIRE:   37 12:15:15        6.957830*       0.1380
FIRE:   38 12:15:15        6.958172*       0.1378
FIRE:   39 12:15:15        6.958605*       0.1501
FIRE:   40 12:15:15        6.959139*       0.1808
FIRE:   41 12:15:15        6.959787*       0.1891
FIRE:   42 12:15:15        6.960570*       0.1697
FIRE:   43 12:15:15        6.961521*       0.1374
FIRE:   44 12:15:15        6.962690*       0.1381
FIRE:   45 12:15:15        6.964145*       0.1398
FIRE:   46 12:15:15        6.965960*       0.1438
FIRE:   47 12:15:15        6.968254*       0.1522
FIRE:   48 12:15:16        6.971305*       0.1700
FIRE:   49 12:15:16        6.975763*       0.2076
FIRE:   50 12:15:16        6.983042*       0.2748
FIRE:   51 12:15:16        6.995248*       0.3166
FIRE:   52 12:15:16        7.009382*       0.1938
FIRE:   53 12:15:16        7.016990*       0.0882
FIRE:   54 12:15:16        7.019280*       0.1344
FIRE:   55 12:15:16        7.019837*       0.1405
FIRE:   56 12:15:16        7.019964*       0.0969
FIRE:   57 12:15:16        7.020000*       0.1408
FIRE:   58 12:15:16        7.020000*       0.0959
FIRE:   59 12:15:16        7.020000*       0.1780
FIRE:   60 12:15:16        7.020000*       0.3945
FIRE:   61 12:15:16        7.020000*       0.0589
FIRE:   62 12:15:16        7.020000*       0.3033
FIRE:   63 12:15:16        7.020000*       0.2402
FIRE:   64 12:15:16        7.020000*       0.1249
FIRE:   65 12:15:16        7.020000*       0.0571
FIRE:   66 12:15:16        7.020000*       0.0571
FIRE:   67 12:15:16        7.020000*       0.0571
FIRE:   68 12:15:16        7.020000*       0.0570
FIRE:   69 12:15:16        7.020000*       0.0569
FIRE:   70 12:15:16        7.020000*       0.0567
FIRE:   71 12:15:16        7.020000*       0.0566
FIRE:   72 12:15:16        7.020000*       0.0564
FIRE:   73 12:15:16        7.020000*       0.0562
FIRE:   74 12:15:16        7.020000*       0.0559
FIRE:   75 12:15:16        7.020000*       0.0555
FIRE:   76 12:15:16        7.020000*       0.0550
FIRE:   77 12:15:16        7.020000*       0.0545
FIRE:   78 12:15:16        7.020000*       0.0538
FIRE:   79 12:15:16        7.020000*       0.0529
FIRE:   80 12:15:16        7.020000*       0.0519
FIRE:   81 12:15:16        7.020000*       0.0507
FIRE:   82 12:15:16        7.020000*       0.0492
FIRE:   83 12:15:16        7.020000*       0.0474
FIRE:   84 12:15:16        7.020000*       0.0453
FIRE:   85 12:15:16        7.020000*       0.0428
FIRE:   86 12:15:16        7.020000*       0.0398
      Step     Time          Energy         fmax
*Force-consistent energies used in optimization.
FIRE:    0 12:25:30        7.020000*       2.5505
FIRE:    1 12:25:30        7.020000*       2.5523
FIRE:    2 12:25:30        7.020000*       2.5376
FIRE:    3 12:25:30        7.020000*       2.4682
FIRE:    4 12:25:30        7.020000*       2.2880
FIRE:    5 12:25:30        7.020000*       1.9420
FIRE:    6 12:25:30        7.020000*       1.4176
FIRE:    7 12:25:30        7.020000*       1.0320
FIRE:    8 12:25:30        7.020000*       0.9550
FIRE:    9 12:25:30        7.020000*       0.8126
FIRE:   10 12:25:30        7.020000*       1.0497
FIRE:   11 12:25:30        7.020000*       1.0867
FIRE:   12 12:25:30        7.020000*       1.1569
FIRE:   13 12:25:30        7.020000*       1.2518
FIRE:   14 12:25:30        7.020000*       1.3543
FIRE:   15 12:25:30        7.020000*       1.4359
FIRE:   16 12:25:30        7.020000*       1.4541
FIRE:   17 12:25:30        7.020000*       1.3580
FIRE:   18 12:25:30        7.020000*       1.0660
FIRE:   19 12:25:30        7.020000*       0.5078
FIRE:   20 12:25:30        7.020000*       0.3467
FIRE:   21 12:25:30        7.020000*       0.9441
FIRE:   22 12:25:30        7.020000*       0.9076
FIRE:   23 12:25:30        7.020000*       0.8351
FIRE:   24 12:25:31        7.020000*       0.7281
FIRE:   25 12:25:31        7.020000*       0.5893
FIRE:   26 12:25:31        7.020000*       0.4233
FIRE:   27 12:25:31        7.020000*       0.3346
FIRE:   28 12:25:31        7.020000*       0.3326
FIRE:   29 12:25:31        7.020000*       0.3298
FIRE:   30 12:25:31        7.020000*       0.3426
FIRE:   31 12:25:31        7.020000*       0.4766
FIRE:   32 12:25:31        7.020000*       0.5266
FIRE:   33 12:25:31        7.020000*       0.4642
FIRE:   34 12:25:31        7.020000*       0.2974
FIRE:   35 12:25:31        7.020000*       0.2841
FIRE:   36 12:25:31        7.020000*       0.2815
FIRE:   37 12:25:31        7.020000*       0.4249
FIRE:   38 12:25:31        7.020000*       0.3396
FIRE:   39 12:25:31        7.020000*       0.2048
FIRE:   40 12:25:31        7.020000*       0.3396
FIRE:   41 12:25:31        7.020000*       0.2132
FIRE:   42 12:25:31        7.020000*       0.3336
FIRE:   43 12:25:31        7.020000*       0.2712
FIRE:   44 12:25:31        7.020000*       0.4467
FIRE:   45 12:25:31        7.020000*       0.2609
FIRE:   46 12:25:31        7.020000*       0.0888
FIRE:   47 12:25:31        7.020000*       0.2746
FIRE:   48 12:25:31        7.020000*       0.2544
FIRE:   49 12:25:31        7.020000*       0.2154
FIRE:   50 12:25:31        7.020000*       0.1608
FIRE:   51 12:25:31        7.020000*       0.0957
FIRE:   52 12:25:31        7.020000*       0.0737
FIRE:   53 12:25:31        7.020000*       0.0702
FIRE:   54 12:25:31        7.020000*       0.0832
FIRE:   55 12:25:31        7.020000*       0.0984
FIRE:   56 12:25:31        7.020000*       0.0913
FIRE:   57 12:25:31        7.020000*       0.0703
FIRE:   58 12:25:31        7.020000*       0.0520
FIRE:   59 12:25:31        7.020000*       0.0916
FIRE:   60 12:25:31        7.020000*       0.1358
FIRE:   61 12:25:31        7.020000*       0.1252
FIRE:   62 12:25:31        7.020000*       0.0542
FIRE:   63 12:25:31        7.020000*       0.0557
FIRE:   64 12:25:31        7.020000*       0.0677
FIRE:   65 12:25:31        7.020000*       0.0685
FIRE:   66 12:25:31        7.020000*       0.0991
FIRE:   67 12:25:31        7.020000*       0.0976
FIRE:   68 12:25:31        7.020000*       0.1049
FIRE:   69 12:25:31        7.020000*       0.1033
FIRE:   70 12:25:31        7.020000*       0.0995
FIRE:   71 12:25:31        7.020000*       0.0663
FIRE:   72 12:25:31        7.020000*       0.0456
FIRE:   73 12:25:31        7.020000*       0.2833
FIRE:   74 12:25:31        7.020000*       0.0706
FIRE:   75 12:25:31        7.020000*       0.1903
FIRE:   76 12:25:31        7.020000*       0.1451
FIRE:   77 12:25:32        7.020000*       0.0653
FIRE:   78 12:25:32        7.020000*       0.0309
