      Step     Time          Energy         fmax
*Force-consistent energies used in optimization.
FIRE:    0 11:27:46       16.910090*      54.0344
FIRE:    1 11:27:46        9.063810*      30.5660
FIRE:    2 11:27:46        5.038571*      16.0743
FIRE:    3 11:27:46        3.199118*       8.8016
FIRE:    4 11:27:46        2.415677*       6.1591
FIRE:    5 11:27:46        2.357477*       8.4059
FIRE:    6 11:27:46        2.481821*      10.5602
FIRE:    7 11:27:47        2.140459*       8.0490
FIRE:    8 11:27:47        1.750942*       4.1520
FIRE:    9 11:27:47        1.611255*       1.1218
FIRE:   10 11:27:47        1.628461*       3.0182
FIRE:   11 11:27:47        1.616343*       2.8669
FIRE:   12 11:27:47        1.594167*       2.5732
FIRE:   13 11:27:47        1.566458*       2.1570
FIRE:   14 11:27:47        1.538245*       1.6369
FIRE:   15 11:27:47        1.512676*       1.0462
FIRE:   16 11:27:47        1.498368*       0.5772
FIRE:   17 11:27:47        1.487417*       0.5012
FIRE:   18 11:27:47        1.479199*       0.8090
FIRE:   19 11:27:47        1.477945*       1.2802
FIRE:   20 11:27:47        1.481566*       1.5798
FIRE:   21 11:27:47        1.482438*       1.6317
FIRE:   22 11:27:47        1.476287*       1.4021
FIRE:   23 11:27:47        1.465807*       0.8917
FIRE:   24 11:27:47        1.459656*       0.2660
FIRE:   25 11:27:47        1.459476*       0.2626
FIRE:   26 11:27:47        1.459129*       0.2557
FIRE:   27 11:27:47        1.458636*       0.2455
FIRE:   28 11:27:47        1.458500*       0.2322
FIRE:   29 11:27:47        1.458372*       0.2166
FIRE:   30 11:27:47        1.458228*       0.1985
FIRE:   31 11:27:47        1.458074*       0.1778
FIRE:   32 11:27:47        1.457899*       0.1528
FIRE:   33 11:27:47        1.457708*       0.1228
FIRE:   34 11:27:47        1.457513*       0.1102
FIRE:   35 11:27:47        1.457333*       0.1285
FIRE:   36 11:27:47        1.457193*       0.1461
FIRE:   37 11:27:47        1.457119*       0.1390
FIRE:   38 11:27:47        1.457127*       0.1010
FIRE:   39 11:27:47        1.457126*       0.0990
FIRE:   40 11:27:47        1.457124*       0.0950
FIRE:   41 11:27:47        1.457121*       0.0892
FIRE:   42 11:27:48        1.457117*       0.0816
FIRE:   43 11:27:48        1.457111*       0.0726
FIRE:   44 11:27:48        1.457105*       0.0622
FIRE:   45 11:27:48        1.457098*       0.0508
FIRE:   46 11:27:48        1.457090*       0.0436
FIRE:   47 11:27:48        1.457080*       0.0436
FIRE:   48 11:27:48        1.457068*       0.0435
FIRE:   49 11:27:48        1.457055*       0.0433
FIRE:   50 11:27:48        1.457039*       0.0430
FIRE:   51 11:27:48        1.457022*       0.0422
FIRE:   52 11:27:48        1.457003*       0.0407
FIRE:   53 11:27:48        1.456981*       0.0386
      Step     Time          Energy         fmax
*Force-consistent energies used in optimization.
FIRE:    0 11:40:27       16.910090*      54.0344
FIRE:    1 11:40:27        9.063810*      30.5660
FIRE:    2 11:40:27        5.038571*      16.0743
FIRE:    3 11:40:27        3.199118*       8.8016
FIRE:    4 11:40:27        2.415677*       6.1591
FIRE:    5 11:40:27        2.357477*       8.4059
FIRE:    6 11:40:27        2.481821*      10.5602
FIRE:    7 11:40:27        2.140459*       8.0490
FIRE:    8 11:40:27        1.750942*       4.1520
FIRE:    9 11:40:27        1.611255*       1.1218
FIRE:   10 11:40:27        1.628461*       3.0182
FIRE:   11 11:40:27        1.616343*       2.8669
FIRE:   12 11:40:27        1.594167*       2.5732
FIRE:   13 11:40:28        1.566458*       2.1570
FIRE:   14 11:40:28        1.538245*       1.6369
FIRE:   15 11:40:28        1.512676*       1.0462
FIRE:   16 11:40:28        1.498368*       0.5772
FIRE:   17 11:40:28        1.487417*       0.5012
FIRE:   18 11:40:28        1.479199*       0.8090
FIRE:   19 11:40:28        1.477945*       1.2802
FIRE:   20 11:40:28        1.481566*       1.5798
FIRE:   21 11:40:28        1.482438*       1.6317
FIRE:   22 11:40:28        1.476287*       1.4021
FIRE:   23 11:40:28        1.465807*       0.8917
FIRE:   24 11:40:28        1.459656*       0.2660
FIRE:   25 11:40:28        1.459476*       0.2626
FIRE:   26 11:40:28        1.459129*       0.2557
FIRE:   27 11:40:28        1.458636*       0.2455
FIRE:   28 11:40:28        1.458500*       0.2322
FIRE:   29 11:40:28        1.458372*       0.2166
FIRE:   30 11:40:28        1.458228*       0.1985
FIRE:   31 11:40:28        1.458074*       0.1778
FIRE:   32 11:40:28        1.457899*       0.1528
FIRE:   33 11:40:28        1.457708*       0.1228
FIRE:   34 11:40:28        1.457513*       0.1102
FIRE:   35 11:40:28        1.457333*       0.1285
FIRE:   36 11:40:28        1.457193*       0.1461
FIRE:   37 11:40:28        1.457119*       0.1390
FIRE:   38 11:40:28        1.457127*       0.1010
FIRE:   39 11:40:28        1.457126*       0.0990
FIRE:   40 11:40:28        1.457124*       0.0950
FIRE:   41 11:40:28        1.457121*       0.0892
FIRE:   42 11:40:29        1.457117*       0.0816
FIRE:   43 11:40:29        1.457111*       0.0726
FIRE:   44 11:40:29        1.457105*       0.0622
FIRE:   45 11:40:29        1.457098*       0.0508
FIRE:   46 11:40:29        1.457090*       0.0436
FIRE:   47 11:40:29        1.457080*       0.0436
FIRE:   48 11:40:29        1.457068*       0.0435
FIRE:   49 11:40:29        1.457055*       0.0433
FIRE:   50 11:40:29        1.457039*       0.0430
FIRE:   51 11:40:29        1.457022*       0.0422
FIRE:   52 11:40:29        1.457003*       0.0407
FIRE:   53 11:40:29        1.456981*       0.0386
      Step     Time          Energy         fmax
*Force-consistent energies used in optimization.
FIRE:    0 12:02:08       16.910090*      54.0344
FIRE:    1 12:02:08        9.063810*      30.5660
FIRE:    2 12:02:08        5.038571*      16.0743
FIRE:    3 12:02:08        3.199118*       8.8016
FIRE:    4 12:02:08        2.415677*       6.1591
FIRE:    5 12:02:08        2.357477*       8.4059
FIRE:    6 12:02:08        2.481821*      10.5602
FIRE:    7 12:02:08        2.140459*       8.0490
FIRE:    8 12:02:08        1.750942*       4.1520
FIRE:    9 12:02:09        1.611255*       1.1218
FIRE:   10 12:02:09        1.628461*       3.0182
FIRE:   11 12:02:09        1.616343*       2.8669
FIRE:   12 12:02:09        1.594167*       2.5732
FIRE:   13 12:02:09        1.566458*       2.1570
FIRE:   14 12:02:09        1.538245*       1.6369
FIRE:   15 12:02:09        1.512676*       1.0462
FIRE:   16 12:02:09        1.498368*       0.5772
FIRE:   17 12:02:09        1.487417*       0.5012
FIRE:   18 12:02:09        1.479199*       0.8090
FIRE:   19 12:02:09        1.477945*       1.2802
FIRE:   20 12:02:09        1.481566*       1.5798
FIRE:   21 12:02:09        1.482438*       1.6317
FIRE:   22 12:02:09        1.476287*       1.4021
FIRE:   23 12:02:09        1.465807*       0.8917
FIRE:   24 12:02:09        1.459656*       0.2660
FIRE:   25 12:02:09        1.459476*       0.2626
FIRE:   26 12:02:10        1.459129*       0.2557
FIRE:   27 12:02:10        1.458636*       0.2455
FIRE:   28 12:02:10        1.458500*       0.2322
FIRE:   29 12:02:10        1.458372*       0.2166
FIRE:   30 12:02:10        1.458228*       0.1985
FIRE:   31 12:02:10        1.458074*       0.1778
FIRE:   32 12:02:10        1.457899*       0.1528
FIRE:   33 12:02:10        1.457708*       0.1228
FIRE:   34 12:02:10        1.457513*       0.1102
FIRE:   35 12:02:10        1.457333*       0.1285
FIRE:   36 12:02:10        1.457193*       0.1461
FIRE:   37 12:02:10        1.457119*       0.1390
FIRE:   38 12:02:10        1.457127*       0.1010
FIRE:   39 12:02:10        1.457126*       0.0990
FIRE:   40 12:02:10        1.457124*       0.0950
FIRE:   41 12:02:10        1.457121*       0.0892
FIRE:   42 12:02:11        1.457117*       0.0816
FIRE:   43 12:02:11        1.457111*       0.0726
FIRE:   44 12:02:11        1.457105*       0.0622
FIRE:   45 12:02:11        1.457098*       0.0508
FIRE:   46 12:02:11        1.457090*       0.0436
FIRE:   47 12:02:11        1.457080*       0.0436
FIRE:   48 12:02:11        1.457068*       0.0435
FIRE:   49 12:02:11        1.457055*       0.0433
FIRE:   50 12:02:11        1.457039*       0.0430
FIRE:   51 12:02:11        1.457022*       0.0422
FIRE:   52 12:02:11        1.457003*       0.0407
FIRE:   53 12:02:11        1.456981*       0.0386
      Step     Time          Energy         fmax
*Force-consistent energies used in optimization.
FIRE:    0 12:08:07        1.474178*       0.5887
FIRE:    1 12:08:08        1.467715*       0.3538
FIRE:    2 12:08:08        1.463213*       0.1754
FIRE:    3 12:08:08        1.462826*       0.3663
FIRE:    4 12:08:08        1.461726*       0.3356
FIRE:    5 12:08:08        1.460532*       0.2764
FIRE:    6 12:08:08        1.460237*       0.1932
FIRE:    7 12:08:08        1.460127*       0.0914
FIRE:    8 12:08:08        1.460193*       0.0979
FIRE:    9 12:08:08        1.460185*       0.0944
FIRE:   10 12:08:08        1.460170*       0.0875
FIRE:   11 12:08:08        1.460150*       0.0776
FIRE:   12 12:08:08        1.460126*       0.0648
FIRE:   13 12:08:08        1.460103*       0.0497
FIRE:   14 12:08:08        1.460082*       0.0333
      Step     Time          Energy         fmax
*Force-consistent energies used in optimization.
FIRE:    0 12:10:02       16.910090*      54.0344
FIRE:    1 12:10:02        9.063810*      30.5660
FIRE:    2 12:10:02        5.038571*      16.1129
FIRE:    3 12:10:02        3.199325*       8.9823
FIRE:    4 12:10:02        2.416689*       6.1583
FIRE:    5 12:10:02        2.357151*       8.4002
FIRE:    6 12:10:02        2.481204*      10.5559
FIRE:    7 12:10:03        2.140091*       8.0454
FIRE:    8 12:10:03        1.750878*       4.1495
FIRE:    9 12:10:03        1.611992*       1.1218
FIRE:   10 12:10:03        1.628452*       3.0173
FIRE:   11 12:10:03        1.616337*       2.8660
FIRE:   12 12:10:03        1.594168*       2.5724
FIRE:   13 12:10:03        1.566754*       2.1564
FIRE:   14 12:10:03        1.538476*       1.6364
FIRE:   15 12:10:03        1.512890*       1.0457
FIRE:   16 12:10:03        1.498534*       0.5776
FIRE:   17 12:10:03        1.487547*       0.5016
FIRE:   18 12:10:03        1.479315*       0.8106
FIRE:   19 12:10:03        1.478035*       1.2803
FIRE:   20 12:10:03        1.481565*       1.5797
FIRE:   21 12:10:03        1.482427*       1.6314
FIRE:   22 12:10:03        1.476271*       1.4017
FIRE:   23 12:10:03        1.465793*       0.8912
FIRE:   24 12:10:03        1.459742*       0.2660
FIRE:   25 12:10:04        1.459562*       0.2626
FIRE:   26 12:10:04        1.459213*       0.2557
FIRE:   27 12:10:04        1.458719*       0.2455
FIRE:   28 12:10:04        1.458501*       0.2326
FIRE:   29 12:10:04        1.458372*       0.2171
FIRE:   30 12:10:04        1.458229*       0.1989
FIRE:   31 12:10:04        1.458076*       0.1784
FIRE:   32 12:10:04        1.457902*       0.1533
FIRE:   33 12:10:04        1.457713*       0.1233
FIRE:   34 12:10:04        1.457522*       0.1101
FIRE:   35 12:10:04        1.457348*       0.1284
FIRE:   36 12:10:04        1.457218*       0.1459
FIRE:   37 12:10:04        1.457158*       0.1388
FIRE:   38 12:10:04        1.457184*       0.1008
FIRE:   39 12:10:04        1.457184*       0.0988
FIRE:   40 12:10:04        1.457182*       0.0949
FIRE:   41 12:10:04        1.457180*       0.0891
FIRE:   42 12:10:04        1.457177*       0.0815
FIRE:   43 12:10:05        1.457174*       0.0724
FIRE:   44 12:10:05        1.457170*       0.0621
FIRE:   45 12:10:05        1.457166*       0.0507
FIRE:   46 12:10:05        1.457161*       0.0439
FIRE:   47 12:10:05        1.457156*       0.0439
FIRE:   48 12:10:05        1.457150*       0.0438
FIRE:   49 12:10:05        1.457144*       0.0435
FIRE:   50 12:10:05        1.457139*       0.0430
FIRE:   51 12:10:05        1.457134*       0.0422
FIRE:   52 12:10:05        1.457131*       0.0408
FIRE:   53 12:10:05        1.457128*       0.0386
      Step     Time          Energy         fmax
*Force-consistent energies used in optimization.
FIRE:    0 12:10:36        1.474504*       0.6167
FIRE:    1 12:10:36        1.467811*       0.3695
FIRE:    2 12:10:36        1.463251*       0.1759
FIRE:    3 12:10:37        1.462897*       0.3835
FIRE:    4 12:10:37        1.461787*       0.3507
FIRE:    5 12:10:37        1.460522*       0.2876
FIRE:    6 12:10:37        1.460231*       0.1991
FIRE:    7 12:10:37        1.460122*       0.0915
FIRE:    8 12:10:37        1.460184*       0.0952
FIRE:    9 12:10:37        1.460176*       0.0918
FIRE:   10 12:10:37        1.460161*       0.0850
FIRE:   11 12:10:37        1.460141*       0.0752
FIRE:   12 12:10:37        1.460117*       0.0626
FIRE:   13 12:10:37        1.460094*       0.0478
FIRE:   14 12:10:37        1.460073*       0.0332
      Step     Time          Energy         fmax
*Force-consistent energies used in optimization.
FIRE:    0 12:15:48        1.474178*       0.5887
FIRE:    1 12:15:48        1.467715*       0.3538
FIRE:    2 12:15:48        1.463213*       0.1754
FIRE:    3 12:15:48        1.462826*       0.3663
FIRE:    4 12:15:48        1.461726*       0.3356
FIRE:    5 12:15:48        1.460532*       0.2764
FIRE:    6 12:15:48        1.460237*       0.1932
FIRE:    7 12:15:48        1.460127*       0.0914
FIRE:    8 12:15:48        1.460193*       0.0979
FIRE:    9 12:15:48        1.460185*       0.0944
FIRE:   10 12:15:48        1.460170*       0.0875
FIRE:   11 12:15:48        1.460150*       0.0776
FIRE:   12 12:15:48        1.460126*       0.0648
FIRE:   13 12:15:48        1.460103*       0.0497
FIRE:   14 12:15:48        1.460082*       0.0333
